# JRE version: OpenJDK Runtime Environment (8.0_265-b01) (build 1.8.0_265-b01)
# Java VM: OpenJDK 64-Bit Server VM (25.265-b01 mixed mode windows-amd64 compressed oops)
Heap:
 PSYoungGen      total 30208K, used 6650K [0x0000000715580000, 0x0000000717c80000, 0x00000007c0000000)
  eden space 23552K, 0% used [0x0000000715580000,0x0000000715580000,0x0000000716c80000)
  from space 6656K, 99% used [0x0000000716c80000,0x00000007172fe8b8,0x0000000717300000)
  to   space 8192K, 0% used [0x0000000717480000,0x0000000717480000,0x0000000717c80000)
 ParOldGen       total 145408K, used 141892K [0x00000005c0000000, 0x00000005c8e00000, 0x0000000715580000)
  object space 145408K, 97% used [0x00000005c0000000,0x00000005c8a913b8,0x00000005c8e00000)
 Metaspace       used 60610K, capacity 63862K, committed 64128K, reserved 1105920K
  class space    used 5940K, capacity 6939K, committed 7040K, reserved 1048576K
GC Heap History (10 events):
Event: 811.958 GC heap after
Heap after GC invocations=208 (full 7):
 PSYoungGen      total 30720K, used 6143K [0x0000000715580000, 0x0000000717a80000, 0x00000007c0000000)
  eden space 24576K, 0% used [0x0000000715580000,0x0000000715580000,0x0000000716d80000)
  from space 6144K, 99% used [0x0000000716d80000,0x000000071737ff20,0x0000000717380000)
  to   space 6656K, 0% used [0x0000000717400000,0x0000000717400000,0x0000000717a80000)
 ParOldGen       total 145408K, used 139531K [0x00000005c0000000, 0x00000005c8e00000, 0x0000000715580000)
  object space 145408K, 95% used [0x00000005c0000000,0x00000005c8842f18,0x00000005c8e00000)
 Metaspace       used 60562K, capacity 63794K, committed 64128K, reserved 1105920K
  class space    used 5940K, capacity 6939K, committed 7040K, reserved 1048576K
}
Event: 812.315 GC heap before
{Heap before GC invocations=209 (full 7):
 PSYoungGen      total 30720K, used 30719K [0x0000000715580000, 0x0000000717a80000, 0x00000007c0000000)
  eden space 24576K, 100% used [0x0000000715580000,0x0000000716d80000,0x0000000716d80000)
  from space 6144K, 99% used [0x0000000716d80000,0x000000071737ff20,0x0000000717380000)
  to   space 6656K, 0% used [0x0000000717400000,0x0000000717400000,0x0000000717a80000)
 ParOldGen       total 145408K, used 139531K [0x00000005c0000000, 0x00000005c8e00000, 0x0000000715580000)
  object space 145408K, 95% used [0x00000005c0000000,0x00000005c8842f18,0x00000005c8e00000)
 Metaspace       used 60569K, capacity 63862K, committed 64128K, reserved 1105920K
  class space    used 5940K, capacity 6939K, committed 7040K, reserved 1048576K
Event: 812.322 GC heap after
Heap after GC invocations=209 (full 7):
 PSYoungGen      total 30208K, used 6636K [0x0000000715580000, 0x0000000717c80000, 0x00000007c0000000)
  eden space 23552K, 0% used [0x0000000715580000,0x0000000715580000,0x0000000716c80000)
  from space 6656K, 99% used [0x0000000717400000,0x0000000717a7b178,0x0000000717a80000)
  to   space 7680K, 0% used [0x0000000716c80000,0x0000000716c80000,0x0000000717400000)
 ParOldGen       total 145408K, used 140141K [0x00000005c0000000, 0x00000005c8e00000, 0x0000000715580000)
  object space 145408K, 96% used [0x00000005c0000000,0x00000005c88db520,0x00000005c8e00000)
 Metaspace       used 60569K, capacity 63862K, committed 64128K, reserved 1105920K
  class space    used 5940K, capacity 6939K, committed 7040K, reserved 1048576K
}
Event: 812.643 GC heap before
{Heap before GC invocations=210 (full 7):
 PSYoungGen      total 30208K, used 30188K [0x0000000715580000, 0x0000000717c80000, 0x00000007c0000000)
  eden space 23552K, 100% used [0x0000000715580000,0x0000000716c80000,0x0000000716c80000)
  from space 6656K, 99% used [0x0000000717400000,0x0000000717a7b178,0x0000000717a80000)
  to   space 7680K, 0% used [0x0000000716c80000,0x0000000716c80000,0x0000000717400000)
 ParOldGen       total 145408K, used 140141K [0x00000005c0000000, 0x00000005c8e00000, 0x0000000715580000)
  object space 145408K, 96% used [0x00000005c0000000,0x00000005c88db520,0x00000005c8e00000)
 Metaspace       used 60575K, capacity 63862K, committed 64128K, reserved 1105920K
  class space    used 5940K, capacity 6939K, committed 7040K, reserved 1048576K
Event: 812.649 GC heap after
Heap after GC invocations=210 (full 7):
 PSYoungGen      total 29696K, used 6111K [0x0000000715580000, 0x0000000717980000, 0x00000007c0000000)
  eden space 23552K, 0% used [0x0000000715580000,0x0000000715580000,0x0000000716c80000)
  from space 6144K, 99% used [0x0000000716c80000,0x0000000717277f98,0x0000000717280000)
  to   space 6656K, 0% used [0x0000000717300000,0x0000000717300000,0x0000000717980000)
 ParOldGen       total 145408K, used 140938K [0x00000005c0000000, 0x00000005c8e00000, 0x0000000715580000)
  object space 145408K, 96% used [0x00000005c0000000,0x00000005c89a2928,0x00000005c8e00000)
 Metaspace       used 60575K, capacity 63862K, committed 64128K, reserved 1105920K
  class space    used 5940K, capacity 6939K, committed 7040K, reserved 1048576K
}
Event: 812.999 GC heap before
{Heap before GC invocations=211 (full 7):
 PSYoungGen      total 29696K, used 29663K [0x0000000715580000, 0x0000000717980000, 0x00000007c0000000)
  eden space 23552K, 100% used [0x0000000715580000,0x0000000716c80000,0x0000000716c80000)
  from space 6144K, 99% used [0x0000000716c80000,0x0000000717277f98,0x0000000717280000)
  to   space 6656K, 0% used [0x0000000717300000,0x0000000717300000,0x0000000717980000)
 ParOldGen       total 145408K, used 140938K [0x00000005c0000000, 0x00000005c8e00000, 0x0000000715580000)
  object space 145408K, 96% used [0x00000005c0000000,0x00000005c89a2928,0x00000005c8e00000)
 Metaspace       used 60581K, capacity 63862K, committed 64128K, reserved 1105920K
  class space    used 5940K, capacity 6939K, committed 7040K, reserved 1048576K
Event: 813.004 GC heap after
Heap after GC invocations=211 (full 7):
 PSYoungGen      total 30208K, used 6170K [0x0000000715580000, 0x0000000717980000, 0x00000007c0000000)
  eden space 23552K, 0% used [0x0000000715580000,0x0000000715580000,0x0000000716c80000)
  from space 6656K, 92% used [0x0000000717300000,0x00000007179068b8,0x0000000717980000)
  to   space 6656K, 0% used [0x0000000716c80000,0x0000000716c80000,0x0000000717300000)
 ParOldGen       total 145408K, used 140946K [0x00000005c0000000, 0x00000005c8e00000, 0x0000000715580000)
  object space 145408K, 96% used [0x00000005c0000000,0x00000005c89a4928,0x00000005c8e00000)
 Metaspace       used 60581K, capacity 63862K, committed 64128K, reserved 1105920K
  class space    used 5940K, capacity 6939K, committed 7040K, reserved 1048576K
}
Event: 814.113 GC heap before
{Heap before GC invocations=212 (full 7):
 PSYoungGen      total 30208K, used 29722K [0x0000000715580000, 0x0000000717980000, 0x00000007c0000000)
  eden space 23552K, 100% used [0x0000000715580000,0x0000000716c80000,0x0000000716c80000)
  from space 6656K, 92% used [0x0000000717300000,0x00000007179068b8,0x0000000717980000)
  to   space 6656K, 0% used [0x0000000716c80000,0x0000000716c80000,0x0000000717300000)
 ParOldGen       total 145408K, used 140946K [0x00000005c0000000, 0x00000005c8e00000, 0x0000000715580000)
  object space 145408K, 96% used [0x00000005c0000000,0x00000005c89a4928,0x00000005c8e00000)
 Metaspace       used 60610K, capacity 63862K, committed 64128K, reserved 1105920K
  class space    used 5940K, capacity 6939K, committed 7040K, reserved 1048576K
Event: 814.118 GC heap after
Heap after GC invocations=212 (full 7):
 PSYoungGen      total 30208K, used 6650K [0x0000000715580000, 0x0000000717c80000, 0x00000007c0000000)
  eden space 23552K, 0% used [0x0000000715580000,0x0000000715580000,0x0000000716c80000)
  from space 6656K, 99% used [0x0000000716c80000,0x00000007172fe8b8,0x0000000717300000)
  to   space 8192K, 0% used [0x0000000717480000,0x0000000717480000,0x0000000717c80000)
 ParOldGen       total 145408K, used 141892K [0x00000005c0000000, 0x00000005c8e00000, 0x0000000715580000)
  object space 145408K, 97% used [0x00000005c0000000,0x00000005c8a913b8,0x00000005c8e00000)
 Metaspace       used 60610K, capacity 63862K, committed 64128K, reserved 1105920K
  class space    used 5940K, capacity 6939K, committed 7040K, reserved 1048576K
}
Event: 814.118 GC heap before
{Heap before GC invocations=213 (full 8):
 PSYoungGen      total 30208K, used 6650K [0x0000000715580000, 0x0000000717c80000, 0x00000007c0000000)
  eden space 23552K, 0% used [0x0000000715580000,0x0000000715580000,0x0000000716c80000)
  from space 6656K, 99% used [0x0000000716c80000,0x00000007172fe8b8,0x0000000717300000)
  to   space 8192K, 0% used [0x0000000717480000,0x0000000717480000,0x0000000717c80000)
 ParOldGen       total 145408K, used 141892K [0x00000005c0000000, 0x00000005c8e00000, 0x0000000715580000)
  object space 145408K, 97% used [0x00000005c0000000,0x00000005c8a913b8,0x00000005c8e00000)
 Metaspace       used 60610K, capacity 63862K, committed 64128K, reserved 1105920K
  class space    used 5940K, capacity 6939K, committed 7040K, reserved 1048576K

